2021-05-07 16:26:16,414 INFO o.a.j.u.JMeterUtils: Setting Locale to en_EN
2021-05-07 16:26:16,423 INFO o.a.j.JMeter: Loading user properties from: C:\apache-jmeter-4.0\bin\user.properties
2021-05-07 16:26:16,424 INFO o.a.j.JMeter: Loading system properties from: C:\apache-jmeter-4.0\bin\system.properties
2021-05-07 16:26:16,429 INFO o.a.j.JMeter: Copyright (c) 1998-2018 The Apache Software Foundation
2021-05-07 16:26:16,429 INFO o.a.j.JMeter: Version 4.0 r1823414
2021-05-07 16:26:16,429 INFO o.a.j.JMeter: java.version=1.8.0_291
2021-05-07 16:26:16,429 INFO o.a.j.JMeter: java.vm.name=Java HotSpot(TM) 64-Bit Server VM
2021-05-07 16:26:16,429 INFO o.a.j.JMeter: os.name=Windows 10
2021-05-07 16:26:16,429 INFO o.a.j.JMeter: os.arch=amd64
2021-05-07 16:26:16,429 INFO o.a.j.JMeter: os.version=10.0
2021-05-07 16:26:16,429 INFO o.a.j.JMeter: file.encoding=Cp1252
2021-05-07 16:26:16,429 INFO o.a.j.JMeter: Max memory     =1073741824
2021-05-07 16:26:16,429 INFO o.a.j.JMeter: Available Processors =8
2021-05-07 16:26:16,432 INFO o.a.j.JMeter: Default Locale=English (EN)
2021-05-07 16:26:16,432 INFO o.a.j.JMeter: JMeter  Locale=English (EN)
2021-05-07 16:26:16,432 INFO o.a.j.JMeter: JMeterHome=C:\apache-jmeter-4.0
2021-05-07 16:26:16,432 INFO o.a.j.JMeter: user.dir  =C:\CI\jmeter-1
2021-05-07 16:26:16,432 INFO o.a.j.JMeter: PWD       =C:\CI\jmeter-1
2021-05-07 16:26:16,433 INFO o.a.j.JMeter: IP: 10.6.19.7 Name: EPBYMINW142C FullName: host.docker.internal
2021-05-07 16:26:16,544 INFO o.a.j.g.a.LookAndFeelCommand: Installing Darcula LAF
2021-05-07 16:26:16,553 INFO o.a.j.g.a.LookAndFeelCommand: Using look and feel: javax.swing.plaf.metal.MetalLookAndFeel [Darcula]
2021-05-07 16:26:16,553 INFO o.a.j.JMeter: Setting LAF to: javax.swing.plaf.metal.MetalLookAndFeel
2021-05-07 16:26:16,556 INFO o.a.j.JMeter: Loaded icon properties from org/apache/jmeter/images/icon.properties
2021-05-07 16:26:16,874 INFO o.a.j.e.u.CompoundVariable: Note: Function class names must contain the string: '.functions.'
2021-05-07 16:26:16,874 INFO o.a.j.e.u.CompoundVariable: Note: Function class names must not contain the string: '.gui.'
2021-05-07 16:26:17,757 INFO o.a.j.p.h.s.HTTPSamplerBase: Parser for text/html is org.apache.jmeter.protocol.http.parser.LagartoBasedHtmlParser
2021-05-07 16:26:17,758 INFO o.a.j.p.h.s.HTTPSamplerBase: Parser for application/xhtml+xml is org.apache.jmeter.protocol.http.parser.LagartoBasedHtmlParser
2021-05-07 16:26:17,758 INFO o.a.j.p.h.s.HTTPSamplerBase: Parser for application/xml is org.apache.jmeter.protocol.http.parser.LagartoBasedHtmlParser
2021-05-07 16:26:17,758 INFO o.a.j.p.h.s.HTTPSamplerBase: Parser for text/xml is org.apache.jmeter.protocol.http.parser.LagartoBasedHtmlParser
2021-05-07 16:26:17,758 INFO o.a.j.p.h.s.HTTPSamplerBase: Parser for text/vnd.wap.wml is org.apache.jmeter.protocol.http.parser.RegexpHTMLParser
2021-05-07 16:26:17,758 INFO o.a.j.p.h.s.HTTPSamplerBase: Parser for text/css is org.apache.jmeter.protocol.http.parser.CssParser
2021-05-07 16:26:18,004 INFO o.a.j.e.KeyToolUtils: keytool found at 'keytool'
2021-05-07 16:26:18,005 INFO o.a.j.p.h.p.ProxyControl: HTTP(S) Test Script Recorder SSL Proxy will use keys that support embedded 3rd party resources in file C:\apache-jmeter-4.0\bin\proxyserver.jks
2021-05-07 16:26:18,087 INFO o.a.j.s.FileServer: Default base='C:\CI\jmeter-1'
2021-05-07 16:26:18,515 INFO o.a.j.s.SampleResult: Note: Sample TimeStamps are START times
2021-05-07 16:26:18,515 INFO o.a.j.s.SampleResult: sampleresult.default.encoding is set to ISO-8859-1
2021-05-07 16:26:18,515 INFO o.a.j.s.SampleResult: sampleresult.useNanoTime=true
2021-05-07 16:26:18,515 INFO o.a.j.s.SampleResult: sampleresult.nanoThreadSleep=5000
2021-05-07 16:26:44,446 INFO o.a.j.g.a.Load: Loading file: C:\CI\jmeter-1\CSVSample.jmx
2021-05-07 16:26:44,447 INFO o.a.j.s.FileServer: Set new base='C:\CI\jmeter-1'
2021-05-07 16:26:44,528 INFO o.a.j.s.SaveService: Testplan (JMX) version: 2.2. Testlog (JTL) version: 2.2
2021-05-07 16:26:44,539 INFO o.a.j.s.SaveService: Using SaveService properties file encoding UTF-8
2021-05-07 16:26:44,540 INFO o.a.j.s.SaveService: Using SaveService properties version 4.0
2021-05-07 16:26:44,542 INFO o.a.j.s.SaveService: Loading file: C:\CI\jmeter-1\CSVSample.jmx
2021-05-07 16:26:44,712 INFO o.a.j.s.FileServer: Set new base='C:\CI\jmeter-1'
2021-05-07 16:26:58,274 INFO o.a.j.e.StandardJMeterEngine: Running the test!
2021-05-07 16:26:58,275 INFO o.a.j.s.SampleEvent: List of sample_variables: []
2021-05-07 16:26:58,275 INFO o.a.j.s.SampleEvent: List of sample_variables: []
2021-05-07 16:26:58,280 INFO o.a.j.p.j.t.JavaTest: Created class: org.apache.jmeter.protocol.java.test.JavaTest. Uses tearDownTest: false
2021-05-07 16:26:58,280 INFO o.a.j.p.j.t.JavaTest: Created class: org.apache.jmeter.protocol.java.test.JavaTest. Uses tearDownTest: false
2021-05-07 16:26:58,282 INFO o.a.j.p.j.t.JavaTest: Created class: org.apache.jmeter.protocol.java.test.JavaTest. Uses tearDownTest: false
2021-05-07 16:26:58,282 INFO o.a.j.p.j.t.JavaTest: Created class: org.apache.jmeter.protocol.java.test.JavaTest. Uses tearDownTest: false
2021-05-07 16:26:58,282 INFO o.a.j.p.j.t.JavaTest: Created class: org.apache.jmeter.protocol.java.test.JavaTest. Uses tearDownTest: false
2021-05-07 16:26:58,285 INFO o.a.j.v.b.BackendListener: Backend Listener: Starting worker with class: class org.apache.jmeter.visualizers.backend.influxdb.InfluxdbBackendListenerClient and queue capacity: 5000
2021-05-07 16:26:58,286 INFO o.a.j.v.b.BackendListener: Backend Listener: Started  worker with class: class org.apache.jmeter.visualizers.backend.influxdb.InfluxdbBackendListenerClient
2021-05-07 16:26:58,985 INFO o.a.j.g.u.JMeterMenuBar: setRunning(true, *local*)
2021-05-07 16:26:59,063 INFO o.a.j.e.StandardJMeterEngine: Starting ThreadGroup: 1 : Thread Group
2021-05-07 16:26:59,064 INFO o.a.j.e.StandardJMeterEngine: Starting 1 threads for group Thread Group.
2021-05-07 16:26:59,064 INFO o.a.j.e.StandardJMeterEngine: Thread will continue on error
2021-05-07 16:26:59,064 INFO o.a.j.t.ThreadGroup: Starting thread group... number=1 threads=1 ramp-up=1 perThread=1000.0 delayedStart=false
2021-05-07 16:26:59,068 INFO o.a.j.t.ThreadGroup: Started thread group number 1
2021-05-07 16:26:59,068 INFO o.a.j.e.StandardJMeterEngine: All thread groups have been started
2021-05-07 16:26:59,074 INFO o.a.j.t.JMeterThread: Thread started: Thread Group 1-1
2021-05-07 16:26:59,076 INFO o.a.j.s.FileServer: Stored: CSVSample_user.csv
2021-05-07 16:26:59,581 ERROR o.a.j.e.JSR223PostProcessor: Problem in JSR223 script, JSR223 PostProcessor
javax.script.ScriptException: groovy.lang.MissingPropertyException: No such property: dfgsdfgdfs for class: Script1
	at org.codehaus.groovy.jsr223.GroovyScriptEngineImpl.eval(GroovyScriptEngineImpl.java:320) ~[groovy-all-2.4.13.jar:2.4.13]
	at org.codehaus.groovy.jsr223.GroovyCompiledScript.eval(GroovyCompiledScript.java:72) ~[groovy-all-2.4.13.jar:2.4.13]
	at javax.script.CompiledScript.eval(CompiledScript.java:92) ~[?:1.8.0_291]
	at org.apache.jmeter.util.JSR223TestElement.processFileOrScript(JSR223TestElement.java:221) ~[ApacheJMeter_core.jar:4.0 r1823414]
	at org.apache.jmeter.extractor.JSR223PostProcessor.process(JSR223PostProcessor.java:44) [ApacheJMeter_components.jar:4.0 r1823414]
	at org.apache.jmeter.threads.JMeterThread.runPostProcessors(JMeterThread.java:839) [ApacheJMeter_core.jar:4.0 r1823414]
	at org.apache.jmeter.threads.JMeterThread.executeSamplePackage(JMeterThread.java:516) [ApacheJMeter_core.jar:4.0 r1823414]
	at org.apache.jmeter.threads.JMeterThread.processSampler(JMeterThread.java:416) [ApacheJMeter_core.jar:4.0 r1823414]
	at org.apache.jmeter.threads.JMeterThread.run(JMeterThread.java:250) [ApacheJMeter_core.jar:4.0 r1823414]
	at java.lang.Thread.run(Thread.java:748) [?:1.8.0_291]
Caused by: groovy.lang.MissingPropertyException: No such property: dfgsdfgdfs for class: Script1
	at org.codehaus.groovy.runtime.ScriptBytecodeAdapter.unwrap(ScriptBytecodeAdapter.java:53) ~[groovy-all-2.4.13.jar:2.4.13]
	at org.codehaus.groovy.runtime.callsite.PogoGetPropertySite.getProperty(PogoGetPropertySite.java:52) ~[groovy-all-2.4.13.jar:2.4.13]
	at org.codehaus.groovy.runtime.callsite.AbstractCallSite.callGroovyObjectGetProperty(AbstractCallSite.java:307) ~[groovy-all-2.4.13.jar:2.4.13]
	at Script1.run(Script1.groovy:1) ~[?:?]
	at org.codehaus.groovy.jsr223.GroovyScriptEngineImpl.eval(GroovyScriptEngineImpl.java:317) ~[groovy-all-2.4.13.jar:2.4.13]
	... 9 more
2021-05-07 16:26:59,619 INFO o.a.j.s.FileServer: Stored: CSVSample_actions.csv
2021-05-07 16:27:01,888 ERROR o.a.j.e.JSR223PostProcessor: Problem in JSR223 script, JSR223 PostProcessor
javax.script.ScriptException: groovy.lang.MissingPropertyException: No such property: dfgsdfgdfs for class: Script1
	at org.codehaus.groovy.jsr223.GroovyScriptEngineImpl.eval(GroovyScriptEngineImpl.java:320) ~[groovy-all-2.4.13.jar:2.4.13]
	at org.codehaus.groovy.jsr223.GroovyCompiledScript.eval(GroovyCompiledScript.java:72) ~[groovy-all-2.4.13.jar:2.4.13]
	at javax.script.CompiledScript.eval(CompiledScript.java:92) ~[?:1.8.0_291]
	at org.apache.jmeter.util.JSR223TestElement.processFileOrScript(JSR223TestElement.java:221) ~[ApacheJMeter_core.jar:4.0 r1823414]
	at org.apache.jmeter.extractor.JSR223PostProcessor.process(JSR223PostProcessor.java:44) [ApacheJMeter_components.jar:4.0 r1823414]
	at org.apache.jmeter.threads.JMeterThread.runPostProcessors(JMeterThread.java:839) [ApacheJMeter_core.jar:4.0 r1823414]
	at org.apache.jmeter.threads.JMeterThread.executeSamplePackage(JMeterThread.java:516) [ApacheJMeter_core.jar:4.0 r1823414]
	at org.apache.jmeter.threads.JMeterThread.processSampler(JMeterThread.java:416) [ApacheJMeter_core.jar:4.0 r1823414]
	at org.apache.jmeter.threads.JMeterThread.run(JMeterThread.java:250) [ApacheJMeter_core.jar:4.0 r1823414]
	at java.lang.Thread.run(Thread.java:748) [?:1.8.0_291]
Caused by: groovy.lang.MissingPropertyException: No such property: dfgsdfgdfs for class: Script1
	at org.codehaus.groovy.runtime.ScriptBytecodeAdapter.unwrap(ScriptBytecodeAdapter.java:53) ~[groovy-all-2.4.13.jar:2.4.13]
	at org.codehaus.groovy.runtime.callsite.PogoGetPropertySite.getProperty(PogoGetPropertySite.java:52) ~[groovy-all-2.4.13.jar:2.4.13]
	at org.codehaus.groovy.runtime.callsite.AbstractCallSite.callGroovyObjectGetProperty(AbstractCallSite.java:307) ~[groovy-all-2.4.13.jar:2.4.13]
	at Script1.run(Script1.groovy:1) ~[?:?]
	at org.codehaus.groovy.jsr223.GroovyScriptEngineImpl.eval(GroovyScriptEngineImpl.java:317) ~[groovy-all-2.4.13.jar:2.4.13]
	... 9 more
2021-05-07 16:27:02,214 INFO o.a.j.t.JMeterThread: Stop Thread seen for thread Thread Group 1-1, reason: org.apache.jorphan.util.JMeterStopThreadException: End of file:CSVSample_user.csv detected for CSV DataSet:Get user details configured with stopThread:true, recycle:false
2021-05-07 16:27:02,214 INFO o.a.j.t.JMeterThread: Thread finished: Thread Group 1-1
2021-05-07 16:27:02,214 INFO o.a.j.e.StandardJMeterEngine: Notifying test listeners of end of test
2021-05-07 16:27:02,215 INFO o.a.j.s.FileServer: Close: CSVSample_user.csv
2021-05-07 16:27:02,216 INFO o.a.j.s.FileServer: Close: CSVSample_actions.csv
2021-05-07 16:27:02,224 INFO o.a.j.v.b.BackendListener: Worker ended
2021-05-07 16:27:02,227 INFO o.a.j.v.b.i.InfluxdbBackendListenerClient: Sending last metrics
2021-05-07 16:27:02,234 INFO o.a.j.v.b.i.HttpMetricsSender: Destroying 
2021-05-07 16:27:02,280 INFO o.a.j.g.u.JMeterMenuBar: setRunning(false, *local*)
2021-05-07 16:31:10,149 INFO o.a.j.e.StandardJMeterEngine: Running the test!
2021-05-07 16:31:10,150 INFO o.a.j.s.SampleEvent: List of sample_variables: []
2021-05-07 16:31:10,153 INFO o.a.j.p.j.t.JavaTest: Created class: org.apache.jmeter.protocol.java.test.JavaTest. Uses tearDownTest: false
2021-05-07 16:31:10,153 INFO o.a.j.p.j.t.JavaTest: Created class: org.apache.jmeter.protocol.java.test.JavaTest. Uses tearDownTest: false
2021-05-07 16:31:10,153 INFO o.a.j.p.j.t.JavaTest: Created class: org.apache.jmeter.protocol.java.test.JavaTest. Uses tearDownTest: false
2021-05-07 16:31:10,153 INFO o.a.j.p.j.t.JavaTest: Created class: org.apache.jmeter.protocol.java.test.JavaTest. Uses tearDownTest: false
2021-05-07 16:31:10,153 INFO o.a.j.p.j.t.JavaTest: Created class: org.apache.jmeter.protocol.java.test.JavaTest. Uses tearDownTest: false
2021-05-07 16:31:10,155 INFO o.a.j.v.b.BackendListener: Backend Listener: Starting worker with class: class org.apache.jmeter.visualizers.backend.influxdb.InfluxdbBackendListenerClient and queue capacity: 5000
2021-05-07 16:31:10,156 INFO o.a.j.v.b.BackendListener: Backend Listener: Started  worker with class: class org.apache.jmeter.visualizers.backend.influxdb.InfluxdbBackendListenerClient
2021-05-07 16:31:10,158 INFO o.a.j.g.u.JMeterMenuBar: setRunning(true, *local*)
2021-05-07 16:31:10,254 INFO o.a.j.e.StandardJMeterEngine: Starting ThreadGroup: 1 : Thread Group
2021-05-07 16:31:10,254 INFO o.a.j.e.StandardJMeterEngine: Starting 1 threads for group Thread Group.
2021-05-07 16:31:10,254 INFO o.a.j.e.StandardJMeterEngine: Thread will continue on error
2021-05-07 16:31:10,254 INFO o.a.j.t.ThreadGroup: Starting thread group... number=1 threads=1 ramp-up=1 perThread=1000.0 delayedStart=false
2021-05-07 16:31:10,255 INFO o.a.j.t.ThreadGroup: Started thread group number 1
2021-05-07 16:31:10,255 INFO o.a.j.e.StandardJMeterEngine: All thread groups have been started
2021-05-07 16:31:10,255 INFO o.a.j.t.JMeterThread: Thread started: Thread Group 1-1
2021-05-07 16:31:10,256 INFO o.a.j.s.FileServer: Stored: CSVSample_user.csv
2021-05-07 16:31:10,569 INFO o.a.j.s.FileServer: Stored: CSVSample_actions.csv
2021-05-07 16:31:12,952 INFO o.a.j.t.JMeterThread: Stop Thread seen for thread Thread Group 1-1, reason: org.apache.jorphan.util.JMeterStopThreadException: End of file:CSVSample_user.csv detected for CSV DataSet:Get user details configured with stopThread:true, recycle:false
2021-05-07 16:31:12,952 INFO o.a.j.t.JMeterThread: Thread finished: Thread Group 1-1
2021-05-07 16:31:12,952 INFO o.a.j.e.StandardJMeterEngine: Notifying test listeners of end of test
2021-05-07 16:31:12,952 INFO o.a.j.s.FileServer: Close: CSVSample_user.csv
2021-05-07 16:31:12,954 INFO o.a.j.s.FileServer: Close: CSVSample_actions.csv
2021-05-07 16:31:12,962 INFO o.a.j.v.b.BackendListener: Worker ended
2021-05-07 16:31:12,962 INFO o.a.j.v.b.i.InfluxdbBackendListenerClient: Sending last metrics
2021-05-07 16:31:12,964 INFO o.a.j.v.b.i.HttpMetricsSender: Destroying 
2021-05-07 16:31:13,000 INFO o.a.j.g.u.JMeterMenuBar: setRunning(false, *local*)
